<?xml version="1.0" encoding="UTF-8"?>
<!-- Generated by org.testng.reporters.JUnitReportReporter -->
<testsuite hostname="Lusa" name="semantic.db.main.MigrateNGTest" tests="1" failures="0" timestamp="6 Jun 2016 08:06:50 GMT" time="0.610" errors="0">
  <testcase name="testMain" time="0.610" classname="semantic.db.main.MigrateNGTest"/>
</testsuite> <!-- semantic.db.main.MigrateNGTest -->
